<?xml version="1.0" encoding="UTF-8"?>
<robot generator="Robot 3.1.2 (Python 3.7.3 on win32)" generated="20190920 11:30:55.364" rpa="false">
<suite id="s1" name="WEB" source="C:\Users\E0499966\eclipse-workspace\TestRob\WEB.robot">
<test id="s1-t1" name="Visit Wikipedia Site and get the values">
<kw name="Get Dictionary Keys" library="Collections">
<doc>Returns keys of the given ``dictionary`` as a list.</doc>
<arguments>
<arg>${CITYLIST}</arg>
</arguments>
<assign>
<var>${Keys}</var>
</assign>
<msg timestamp="20190920 11:30:56.788" level="INFO">${Keys} = ['Mumbai, Maharashtra, IN', 'Rome, Lazio, IT']</msg>
<status status="PASS" starttime="20190920 11:30:56.788" endtime="20190920 11:30:56.788"></status>
</kw>
<kw name="Log To Console" library="BuiltIn">
<doc>Logs the given message to the console.</doc>
<arguments>
<arg>${Keys}</arg>
</arguments>
<status status="PASS" starttime="20190920 11:30:56.789" endtime="20190920 11:30:56.789"></status>
</kw>
<kw name="Open Browser" library="SeleniumLibrary">
<doc>Opens a new browser instance to the given ``url``.</doc>
<arguments>
<arg>https://www.wikipedia.org/</arg>
<arg>chrome</arg>
</arguments>
<msg timestamp="20190920 11:30:56.790" level="INFO">Opening browser 'chrome' to base url 'https://www.wikipedia.org/'.</msg>
<status status="PASS" starttime="20190920 11:30:56.790" endtime="20190920 11:31:02.564"></status>
</kw>
<kw name="Set Selenium Implicit Wait" library="SeleniumLibrary">
<doc>Sets the implicit wait value used by Selenium.</doc>
<arguments>
<arg>${wait}</arg>
</arguments>
<status status="PASS" starttime="20190920 11:31:02.564" endtime="20190920 11:31:02.568"></status>
</kw>
<kw name="Set Browser Implicit Wait" library="SeleniumLibrary">
<doc>Sets the implicit wait value used by Selenium.</doc>
<arguments>
<arg>${wait}</arg>
</arguments>
<status status="PASS" starttime="20190920 11:31:02.568" endtime="20190920 11:31:02.570"></status>
</kw>
<kw name="Maximize Browser Window" library="SeleniumLibrary">
<doc>Maximizes current browser window.</doc>
<status status="PASS" starttime="20190920 11:31:02.570" endtime="20190920 11:31:05.705"></status>
</kw>
<status status="PASS" starttime="20190920 11:30:56.787" endtime="20190920 11:31:05.706" critical="yes"></status>
</test>
<status status="PASS" starttime="20190920 11:30:55.371" endtime="20190920 11:31:05.708"></status>
</suite>
<statistics>
<total>
<stat pass="1" fail="0">Critical Tests</stat>
<stat pass="1" fail="0">All Tests</stat>
</total>
<tag>
</tag>
<suite>
<stat pass="1" fail="0" id="s1" name="WEB">WEB</stat>
</suite>
</statistics>
<errors>
</errors>
</robot>
